<?xml version="1.0" encoding="UTF-8"?>
<!-- Generated by org.testng.reporters.JUnitReportReporter -->
<testsuite hostname="ievgenii" name="luckyLabs.Tests" tests="4" failures="0" timestamp="23 Apr 2015 08:09:44 GMT" time="32.308" errors="0">
  <testcase name="validLogin" time="6.466" classname="luckyLabs.Tests"/>
  <testcase name="googleValidLogin" time="10.919" classname="luckyLabs.Tests"/>
  <testcase name="indexInfoMenuTesting" time="8.698" classname="luckyLabs.Tests"/>
  <testcase name="playDemoBookOfRa" time="6.225" classname="luckyLabs.Tests"/>
</testsuite> <!-- luckyLabs.Tests -->
